<object-stream>
<org.drools.core.audit.WorkingMemoryLog>
  <version>6.1</version>
  <events>
    <org.drools.core.audit.event.ObjectLogEvent>
      <type>1</type>
      <factId>1</factId>
      <objectToString>ma.medtech.drools.model.Person@38ac8968</objectToString>
    </org.drools.core.audit.event.ObjectLogEvent>
    <org.drools.core.audit.event.ActivationLogEvent>
      <type>4</type>
      <activationId>Alerte senior [1]</activationId>
      <rule>Alerte senior</rule>
      <declarations>$p=ma.medtech.drools.model.Person@38ac8968</declarations>
      <factHandleIds>1</factHandleIds>
    </org.drools.core.audit.event.ActivationLogEvent>
    <org.drools.core.audit.event.ActivationLogEvent>
      <type>6</type>
      <activationId>Alerte senior [1]</activationId>
      <rule>Alerte senior</rule>
      <declarations>$p=ma.medtech.drools.model.Person@38ac8968</declarations>
      <factHandleIds>1</factHandleIds>
    </org.drools.core.audit.event.ActivationLogEvent>
    <org.drools.core.audit.event.ActivationLogEvent>
      <type>7</type>
      <activationId>Alerte senior [1]</activationId>
      <rule>Alerte senior</rule>
      <declarations>$p=ma.medtech.drools.model.Person@38ac8968</declarations>
      <factHandleIds>1</factHandleIds>
    </org.drools.core.audit.event.ActivationLogEvent>
  </events>
</org.drools.core.audit.WorkingMemoryLog>
</object-stream>
